<component name="ProjectRunConfigurationManager">
  <configuration default="false" name="JunitTests" type="JUnit" factoryName="JUnit">
    <module name="JavaShell.test" />
    <option name="ALTERNATIVE_JRE_PATH_ENABLED" value="true" />
    <option name="ALTERNATIVE_JRE_PATH" value="corretto-11" />
    <option name="PACKAGE_NAME" value="commands" />
    <option name="MAIN_CLASS_NAME" value="commands.MkdirTest" />
    <option name="METHOD_NAME" value="" />
    <option name="TEST_OBJECT" value="class" />
    <method v="2">
      <option name="Make" enabled="true" />
    </method>
  </configuration>
</component>